nohup: ignoring input
/home/data/mahaoran/software/anaconda3/lib/python3.7/site-packages/torch/nn/_reduction.py:43: UserWarning: size_average and reduce args will be deprecated, please use reduction='none' instead.
  warnings.warn(warning.format(ret))
Namespace(batch_size=1, data_path='/home/data/mahaoran/lei_nao_data/data_npy/', epochs=120, gpu='1', if_closs=0, if_dependent=0, loss_name='CombinedLoss', lr=0.01, model_name='ResUNet101_lmser_oneloop', momentum=0.9, n_class=5, patient=10, resume='/home/mahaoran/lei_nao/seg_thor_modify_2/SavePath/ResUNet101/ResUNet101/0/19.ckpt', save_dir='SavePath/ResUNet101_lmser_oneloop/ResUNet101_lmser_oneloop/0', start_epoch=1, test_flag=0, untest_epoch=10, weight_decay=1e-05)
current learning rate is 0.009500
using gpu 1
the data length is 5430
Epoch[20], Batch [1], total loss is 0.620640, using 1356.5 s!
Epoch[20], [precision=0.3826, -->0.530, -->0.218, -->0.264, -->0.519]
the adaptive thresholds is [0.4668, 0.5754, 0.4268, 0.5292]
the data length is 1910
***************************************************************************
Esophagus --> Global dice is [0.36589], TPR is [0.40025], Precision is [0.33697] 
heart    --> Global dice is [0.16510], TPR is [0.12230], Precision is [0.25397] 
trachea  --> Global dice is [0.32348], TPR is [0.42726], Precision is [0.26026] 
aorta    --> Global dice is [0.14459], TPR is [0.65425], Precision is [0.08128] 
Epoch[20], [precision=0.3881, -->0.551, -->0.219, -->0.288, -->0.494], using 332.9 s!
Epoch[20], [recall=1.0000, -->1.000, -->1.000, -->1.000, -->1.000], using 332.9 s!
Epoch[20], [total loss=0.695463], mean_dice=0.2498, using 332.9 s!
***************************************************************************
************************ dynamic threshold saved successful ************************** !
************************ model saved successful ************************** !
current learning rate is 0.009025
Epoch[21], Batch [1], total loss is 0.556152, using 1309.8 s!
Epoch[21], [precision=0.3929, -->0.539, -->0.217, -->0.296, -->0.519]
the adaptive thresholds is [0.4660, 0.5797, 0.4320, 0.5316]
the data length is 1910
***************************************************************************
Esophagus --> Global dice is [0.36663], TPR is [0.60847], Precision is [0.26236] 
heart    --> Global dice is [0.42705], TPR is [0.29549], Precision is [0.76976] 
trachea  --> Global dice is [0.31502], TPR is [0.70100], Precision is [0.20316] 
aorta    --> Global dice is [0.47002], TPR is [0.58311], Precision is [0.39367] 
Epoch[21], [precision=0.3878, -->0.548, -->0.220, -->0.288, -->0.494], using 325.7 s!
Epoch[21], [recall=0.9801, -->0.920, -->1.000, -->1.000, -->1.000], using 325.7 s!
Epoch[21], [total loss=0.625921], mean_dice=0.3947, using 325.7 s!
***************************************************************************
************************ model saved successful ************************** !
current learning rate is 0.008574
Epoch[22], Batch [1], total loss is 0.543676, using 1366.5 s!
Epoch[22], [precision=0.3971, -->0.542, -->0.218, -->0.308, -->0.521]
the adaptive thresholds is [0.4671, 0.5767, 0.4322, 0.5315]
the data length is 1910
***************************************************************************
Esophagus --> Global dice is [0.40375], TPR is [0.62817], Precision is [0.29747] 
heart    --> Global dice is [0.04720], TPR is [0.02479], Precision is [0.49223] 
trachea  --> Global dice is [0.43160], TPR is [0.65888], Precision is [0.32090] 
aorta    --> Global dice is [0.28826], TPR is [0.50204], Precision is [0.20217] 
Epoch[22], [precision=0.3909, -->0.585, -->0.212, -->0.273, -->0.494], using 316.7 s!
Epoch[22], [recall=0.9088, -->0.825, -->0.890, -->0.920, -->1.000], using 316.7 s!
Epoch[22], [total loss=0.661520], mean_dice=0.2927, using 316.7 s!
***************************************************************************
************************ dynamic threshold saved successful ************************** !
************************ model saved successful ************************** !
current learning rate is 0.008145
Epoch[23], Batch [1], total loss is 0.535988, using 1284.8 s!
Epoch[23], [precision=0.3948, -->0.538, -->0.219, -->0.299, -->0.522]
the adaptive thresholds is [0.4671, 0.5763, 0.4325, 0.5313]
the data length is 1910
***************************************************************************
Esophagus --> Global dice is [0.37912], TPR is [0.58579], Precision is [0.28025] 
heart    --> Global dice is [0.49875], TPR is [0.70451], Precision is [0.38600] 
trachea  --> Global dice is [0.52234], TPR is [0.54468], Precision is [0.50176] 
aorta    --> Global dice is [0.48747], TPR is [0.38459], Precision is [0.66552] 
Epoch[23], [precision=0.3929, -->0.566, -->0.224, -->0.288, -->0.494], using 399.5 s!
Epoch[23], [recall=0.9722, -->0.922, -->0.967, -->1.000, -->1.000], using 399.5 s!
Epoch[23], [total loss=0.633494], mean_dice=0.4719, using 399.5 s!
***************************************************************************
************************ dynamic threshold saved successful ************************** !
************************ model saved successful ************************** !
current learning rate is 0.007738
Epoch[24], Batch [1], total loss is 0.532304, using 2028.6 s!
Epoch[24], [precision=0.3902, -->0.536, -->0.220, -->0.286, -->0.520]
the adaptive thresholds is [0.4676, 0.5768, 0.4320, 0.5298]
the data length is 1910
***************************************************************************
Esophagus --> Global dice is [0.32336], TPR is [0.61671], Precision is [0.21913] 
heart    --> Global dice is [0.29887], TPR is [0.19262], Precision is [0.66656] 
trachea  --> Global dice is [0.50956], TPR is [0.74455], Precision is [0.38732] 
aorta    --> Global dice is [0.22425], TPR is [0.76177], Precision is [0.13148] 
Epoch[24], [precision=0.3987, -->0.553, -->0.259, -->0.288, -->0.494], using 321.5 s!
Epoch[24], [recall=0.8875, -->0.899, -->0.651, -->1.000, -->1.000], using 321.5 s!
Epoch[24], [total loss=0.637851], mean_dice=0.3390, using 321.5 s!
***************************************************************************
************************ dynamic threshold saved successful ************************** !
************************ model saved successful ************************** !
current learning rate is 0.007351
Epoch[25], Batch [1], total loss is 0.529088, using 1275.6 s!
Epoch[25], [precision=0.3922, -->0.534, -->0.220, -->0.291, -->0.524]
the adaptive thresholds is [0.4665, 0.5769, 0.4323, 0.5309]
the data length is 1910
***************************************************************************
Esophagus --> Global dice is [0.32579], TPR is [0.57685], Precision is [0.22699] 
heart    --> Global dice is [0.12014], TPR is [0.06467], Precision is [0.84383] 
trachea  --> Global dice is [0.30350], TPR is [0.83738], Precision is [0.18534] 
aorta    --> Global dice is [0.40788], TPR is [0.68103], Precision is [0.29111] 
Epoch[25], [precision=0.3981, -->0.594, -->0.216, -->0.288, -->0.494], using 312.6 s!
Epoch[25], [recall=0.9618, -->0.883, -->0.964, -->1.000, -->1.000], using 312.6 s!
Epoch[25], [total loss=0.636630], mean_dice=0.2893, using 312.6 s!
***************************************************************************
************************ model saved successful ************************** !
current learning rate is 0.006983
Epoch[26], Batch [1], total loss is 0.526584, using 1278.2 s!
Epoch[26], [precision=0.3945, -->0.534, -->0.220, -->0.297, -->0.527]
the adaptive thresholds is [0.4671, 0.5758, 0.4325, 0.5305]
the data length is 1910
***************************************************************************
Esophagus --> Global dice is [0.37689], TPR is [0.40175], Precision is [0.35493] 
heart    --> Global dice is [0.47952], TPR is [0.37832], Precision is [0.65463] 
trachea  --> Global dice is [0.47987], TPR is [0.42244], Precision is [0.55537] 
aorta    --> Global dice is [0.43101], TPR is [0.39608], Precision is [0.47269] 
Epoch[26], [precision=0.4169, -->0.667, -->0.220, -->0.287, -->0.494], using 319.5 s!
Epoch[26], [recall=0.9054, -->0.631, -->1.000, -->0.991, -->1.000], using 319.5 s!
Epoch[26], [total loss=0.669984], mean_dice=0.4418, using 319.5 s!
***************************************************************************
************************ dynamic threshold saved successful ************************** !
************************ model saved successful ************************** !
current learning rate is 0.006634
Epoch[27], Batch [1], total loss is 0.524583, using 1280.9 s!
Epoch[27], [precision=0.3986, -->0.535, -->0.219, -->0.310, -->0.530]
the adaptive thresholds is [0.4681, 0.5743, 0.4337, 0.5295]
the data length is 1910
***************************************************************************
Esophagus --> Global dice is [0.52673], TPR is [0.49789], Precision is [0.55911] 
heart    --> Global dice is [0.20948], TPR is [0.12185], Precision is [0.74606] 
trachea  --> Global dice is [0.33191], TPR is [0.83605], Precision is [0.20705] 
aorta    --> Global dice is [0.51987], TPR is [0.68960], Precision is [0.41719] 
Epoch[27], [precision=0.3958, -->0.572, -->0.229, -->0.288, -->0.494], using 307.0 s!
Epoch[27], [recall=0.9676, -->0.992, -->0.878, -->1.000, -->1.000], using 307.0 s!
Epoch[27], [total loss=0.619445], mean_dice=0.3970, using 307.0 s!
***************************************************************************
************************ model saved successful ************************** !
current learning rate is 0.006302
Epoch[28], Batch [1], total loss is 0.522379, using 1278.2 s!
Epoch[28], [precision=0.3979, -->0.541, -->0.221, -->0.297, -->0.532]
the adaptive thresholds is [0.4690, 0.5754, 0.4339, 0.5289]
the data length is 1910
***************************************************************************
Esophagus --> Global dice is [0.53579], TPR is [0.52942], Precision is [0.54233] 
heart    --> Global dice is [0.10327], TPR is [0.05619], Precision is [0.63673] 
trachea  --> Global dice is [0.58444], TPR is [0.68902], Precision is [0.50742] 
aorta    --> Global dice is [0.45086], TPR is [0.92094], Precision is [0.29850] 
Epoch[28], [precision=0.3858, -->0.583, -->0.169, -->0.297, -->0.494], using 316.7 s!
Epoch[28], [recall=0.8439, -->1.000, -->0.376, -->1.000, -->1.000], using 316.7 s!
Epoch[28], [total loss=0.631923], mean_dice=0.4186, using 316.7 s!
***************************************************************************
************************ model saved successful ************************** !
current learning rate is 0.005987
Epoch[29], Batch [1], total loss is 0.521928, using 1281.2 s!
Epoch[29], [precision=0.3984, -->0.540, -->0.221, -->0.303, -->0.529]
the adaptive thresholds is [0.4696, 0.5754, 0.4351, 0.5281]
the data length is 1910
***************************************************************************
Esophagus --> Global dice is [0.34821], TPR is [0.25822], Precision is [0.53446] 
heart    --> Global dice is [0.00044], TPR is [0.00022], Precision is [0.42368] 
trachea  --> Global dice is [0.42188], TPR is [0.51065], Precision is [0.35940] 
aorta    --> Global dice is [0.27610], TPR is [0.75315], Precision is [0.16903] 
Epoch[29], [precision=0.3684, -->0.550, -->0.142, -->0.288, -->0.494], using 311.3 s!
Epoch[29], [recall=0.8504, -->0.992, -->0.409, -->1.000, -->1.000], using 311.3 s!
Epoch[29], [total loss=0.687672], mean_dice=0.2617, using 311.3 s!
***************************************************************************
************************ model saved successful ************************** !
current learning rate is 0.005688
Epoch[30], Batch [1], total loss is 0.520645, using 1279.5 s!
Epoch[30], [precision=0.4037, -->0.541, -->0.221, -->0.316, -->0.536]
the adaptive thresholds is [0.4699, 0.5756, 0.4350, 0.5286]
the data length is 1910
***************************************************************************
Esophagus --> Global dice is [0.35723], TPR is [0.26868], Precision is [0.53281] 
heart    --> Global dice is [0.36106], TPR is [0.22461], Precision is [0.91990] 
trachea  --> Global dice is [0.43935], TPR is [0.55801], Precision is [0.36231] 
aorta    --> Global dice is [0.38726], TPR is [0.28619], Precision is [0.59869] 
Epoch[30], [precision=0.3843, -->0.553, -->0.208, -->0.282, -->0.494], using 311.6 s!
Epoch[30], [recall=0.9011, -->0.744, -->0.890, -->0.971, -->1.000], using 311.6 s!
Epoch[30], [total loss=0.684018], mean_dice=0.3862, using 311.6 s!
***************************************************************************
************************ model saved successful ************************** !
current learning rate is 0.005404
Epoch[31], Batch [1], total loss is 0.519770, using 1279.2 s!
Epoch[31], [precision=0.4030, -->0.541, -->0.224, -->0.315, -->0.532]
the adaptive thresholds is [0.4705, 0.5756, 0.4353, 0.5275]
the data length is 1910
***************************************************************************
Esophagus --> Global dice is [0.44016], TPR is [0.33232], Precision is [0.65163] 
heart    --> Global dice is [0.16343], TPR is [0.08989], Precision is [0.89835] 
trachea  --> Global dice is [0.37389], TPR is [0.62471], Precision is [0.26678] 
aorta    --> Global dice is [0.40364], TPR is [0.37387], Precision is [0.43856] 
Epoch[31], [precision=0.3834, -->0.529, -->0.222, -->0.288, -->0.494], using 309.0 s!
Epoch[31], [recall=0.9701, -->0.880, -->1.000, -->1.000, -->1.000], using 309.0 s!
Epoch[31], [total loss=0.684716], mean_dice=0.3453, using 309.0 s!
***************************************************************************
************************ model saved successful ************************** !
current learning rate is 0.005133
Epoch[32], Batch [1], total loss is 0.518787, using 1276.9 s!
Epoch[32], [precision=0.4010, -->0.539, -->0.221, -->0.316, -->0.528]
the adaptive thresholds is [0.4706, 0.5739, 0.4362, 0.5267]
the data length is 1910
***************************************************************************
Esophagus --> Global dice is [0.48670], TPR is [0.46750], Precision is [0.50756] 
heart    --> Global dice is [0.26908], TPR is [0.15620], Precision is [0.97018] 
trachea  --> Global dice is [0.51223], TPR is [0.58511], Precision is [0.45549] 
aorta    --> Global dice is [0.53378], TPR is [0.78919], Precision is [0.40327] 
Epoch[32], [precision=0.3889, -->0.552, -->0.221, -->0.288, -->0.493], using 310.0 s!
Epoch[32], [recall=0.9379, -->0.990, -->0.763, -->1.000, -->0.999], using 310.0 s!
Epoch[32], [total loss=0.634684], mean_dice=0.4504, using 310.0 s!
***************************************************************************
************************ model saved successful ************************** !
current learning rate is 0.004877
Epoch[33], Batch [1], total loss is 0.518110, using 1278.6 s!
Epoch[33], [precision=0.4009, -->0.541, -->0.221, -->0.309, -->0.533]
the adaptive thresholds is [0.4714, 0.5731, 0.4361, 0.5268]
the data length is 1910
***************************************************************************
Esophagus --> Global dice is [0.52827], TPR is [0.56558], Precision is [0.49558] 
heart    --> Global dice is [0.01789], TPR is [0.00905], Precision is [0.76920] 
trachea  --> Global dice is [0.37414], TPR is [0.69958], Precision is [0.25535] 
aorta    --> Global dice is [0.35969], TPR is [0.70299], Precision is [0.24167] 
Epoch[33], [precision=0.3863, -->0.555, -->0.208, -->0.288, -->0.494], using 315.7 s!
Epoch[33], [recall=0.9533, -->1.000, -->0.813, -->1.000, -->1.000], using 315.7 s!
Epoch[33], [total loss=0.649127], mean_dice=0.3200, using 315.7 s!
***************************************************************************
************************ model saved successful ************************** !
current learning rate is 0.004633
Epoch[34], Batch [1], total loss is 0.517229, using 1276.5 s!
Epoch[34], [precision=0.4025, -->0.545, -->0.221, -->0.310, -->0.534]
the adaptive thresholds is [0.4710, 0.5724, 0.4366, 0.5274]
the data length is 1910
***************************************************************************
Esophagus --> Global dice is [0.49396], TPR is [0.41172], Precision is [0.61724] 
heart    --> Global dice is [0.06553], TPR is [0.03403], Precision is [0.88295] 
trachea  --> Global dice is [0.43077], TPR is [0.54969], Precision is [0.35416] 
aorta    --> Global dice is [0.42026], TPR is [0.50615], Precision is [0.35928] 
Epoch[34], [precision=0.3838, -->0.546, -->0.207, -->0.288, -->0.494], using 311.7 s!
Epoch[34], [recall=0.9347, -->0.973, -->0.766, -->1.000, -->1.000], using 311.7 s!
Epoch[34], [total loss=0.666756], mean_dice=0.3526, using 311.7 s!
***************************************************************************
************************ model saved successful ************************** !
